<?xml version="1.0" encoding="UTF-8"?>
<!-- Generated by org.testng.reporters.JUnitXMLReporter -->
<testsuite hostname="DESKTOP-HUM9HJC" ignored="0" name="Default test" tests="4" failures="0" timestamp="06 Jun 2018 14:58:02 GMT" time="47.847" errors="0">
  <testcase name="@BeforeClass configBC" time="47.737" classname="com.actiTIME.genericLib.BaseClass">
    <failure type="org.openqa.selenium.WebDriverException" message="Failed to connect to binary FirefoxBinary(C:\Program Files\Mozilla Firefox\firefox.exe) on port 7055; process output follows: 
ider
1528297046306	addons.manager	DEBUG	Provider finished startup: PreviousExperimentProvider
Unable to read VR Path Registry from C:\Users\Priya\AppData\Local\openvr\openvrpaths.vrpath
Unable to read VR Path Registry from C:\Users\Priya\AppData\Local\openvr\openvrpaths.vrpath
1528297049327	addons.xpi	INFO	Mapping fxdriver@googlecode.com to C:\Users\Priya\AppData\Local\Temp\anonymous5154493736627351706webdriver-profile\extensions\fxdriver@googlecode.com
1528297049327	addons.xpi	DEBUG	Ignoring file entry whose name is not a valid add-on ID: C:\Users\Priya\AppData\Local\Temp\anonymous5154493736627351706webdriver-profile\extensions\webdriver-staging
1528297049328	addons.xpi	DEBUG	Existing add-on fxdriver@googlecode.com in app-profile
1528297049328	addons.xpi	INFO	Mapping activity-stream@mozilla.org to C:\Program Files\Mozilla Firefox\browser\features\activity-stream@mozilla.org.xpi
1528297049328	addons.xpi	INFO	Mapping aushelper@mozilla.org to C:\Program Files\Mozilla Firefox\browser\features\aushelper@mozilla.org.xpi
1528297049328	addons.xpi	INFO	Mapping firefox@getpocket.com to C:\Program Files\Mozilla Firefox\browser\features\firefox@getpocket.com.xpi
1528297049329	addons.xpi	INFO	Mapping followonsearch@mozilla.com to C:\Program Files\Mozilla Firefox\browser\features\followonsearch@mozilla.com.xpi
1528297049329	addons.xpi	INFO	Mapping formautofill@mozilla.org to C:\Program Files\Mozilla Firefox\browser\features\formautofill@mozilla.org.xpi
1528297049329	addons.xpi	INFO	Mapping onboarding@mozilla.org to C:\Program Files\Mozilla Firefox\browser\features\onboarding@mozilla.org.xpi
1528297049329	addons.xpi	INFO	Mapping screenshots@mozilla.org to C:\Program Files\Mozilla Firefox\browser\features\screenshots@mozilla.org.xpi
1528297049329	addons.xpi	INFO	Mapping webcompat@mozilla.org to C:\Program Files\Mozilla Firefox\browser\features\webcompat@mozilla.org.xpi
1528297049329	addons.xpi	DEBUG	Existing add-on activity-stream@mozilla.org in app-system-defaults
1528297049329	addons.xpi	DEBUG	Existing add-on aushelper@mozilla.org in app-system-defaults
1528297049330	addons.xpi	DEBUG	Existing add-on firefox@getpocket.com in app-system-defaults
1528297049330	addons.xpi	DEBUG	Existing add-on followonsearch@mozilla.com in app-system-defaults
1528297049331	addons.xpi	DEBUG	Existing add-on formautofill@mozilla.org in app-system-defaults
1528297049331	addons.xpi	DEBUG	Existing add-on onboarding@mozilla.org in app-system-defaults
1528297049331	addons.xpi	DEBUG	Existing add-on screenshots@mozilla.org in app-system-defaults
1528297049331	addons.xpi	DEBUG	Existing add-on webcompat@mozilla.org in app-system-defaults
1528297049332	addons.xpi	INFO	Mapping {972ce4c6-7e08-4474-a285-3208198ce6fd} to C:\Program Files\Mozilla Firefox\browser\extensions\{972ce4c6-7e08-4474-a285-3208198ce6fd}.xpi
1528297049332	addons.xpi	DEBUG	Existing add-on {972ce4c6-7e08-4474-a285-3208198ce6fd} in app-global
1528297049333	addons.xpi	DEBUG	Existing add-on FT.FirefoxAgent@microfocus.com in winreg-app-global
1528297049333	addons.xpi	DEBUG	getInstallState changed: false, state: {}
1528297062156	addons.productaddons	INFO	sending request to: https://aus5.mozilla.org/update/3/GMP/60.0.1/20180516032328/WINNT_x86_64-msvc-x64/en-US/release/Windows_NT%2010.0.0.0.16299.431%20(x64)/default/default/update.xml
1528297062699	addons.productaddons	WARN	Failed downloading XML, status: 0, reason: error
1528297062700	addons.productaddons	INFO	fetching config from: chrome://global/content/gmp-sources/openh264.json
1528297062700	addons.productaddons	INFO	fetching config from: chrome://global/content/gmp-sources/widevinecdm.json
1528297062701	addons.productaddons	INFO	found plugin: gmp-gmpopenh264
1528297062701	addons.productaddons	INFO	found plugin: gmp-widevinecdm
1528297062973	addons.productaddons	INFO	downloadXHR File download. status=200
1528297062994	addons.productaddons	INFO	Downloaded file will be saved to C:\Users\Priya\AppData\Local\Temp\tmpaddon-84558e
1528297063193	addons.productaddons	WARN	Failed downloading via XHR, status: 0, reason: error

Build info: version: &amp;apos;2.53.1&amp;apos;, revision: &amp;apos;a36b8b1&amp;apos;, time: &amp;apos;2016-06-30 17:32:46&amp;apos;
System info: host: &amp;apos;DESKTOP-HUM9HJC&amp;apos;, ip: &amp;apos;192.168.1.9&amp;apos;, os.name: &amp;apos;Windows 10&amp;apos;, os.arch: &amp;apos;amd64&amp;apos;, os.version: &amp;apos;10.0&amp;apos;, java.version: &amp;apos;1.8.0_161&amp;apos;
Driver info: driver.version: FirefoxDriver">
      <![CDATA[org.openqa.selenium.WebDriverException: Failed to connect to binary FirefoxBinary(C:\Program Files\Mozilla Firefox\firefox.exe) on port 7055; process output follows: 
ider
1528297046306addons.managerDEBUGProvider finished startup: PreviousExperimentProvider
Unable to read VR Path Registry from C:\Users\Priya\AppData\Local\openvr\openvrpaths.vrpath
Unable to read VR Path Registry from C:\Users\Priya\AppData\Local\openvr\openvrpaths.vrpath
1528297049327addons.xpiINFOMapping fxdriver@googlecode.com to C:\Users\Priya\AppData\Local\Temp\anonymous5154493736627351706webdriver-profile\extensions\fxdriver@googlecode.com
1528297049327addons.xpiDEBUGIgnoring file entry whose name is not a valid add-on ID: C:\Users\Priya\AppData\Local\Temp\anonymous5154493736627351706webdriver-profile\extensions\webdriver-staging
1528297049328addons.xpiDEBUGExisting add-on fxdriver@googlecode.com in app-profile
1528297049328addons.xpiINFOMapping activity-stream@mozilla.org to C:\Program Files\Mozilla Firefox\browser\features\activity-stream@mozilla.org.xpi
1528297049328addons.xpiINFOMapping aushelper@mozilla.org to C:\Program Files\Mozilla Firefox\browser\features\aushelper@mozilla.org.xpi
1528297049328addons.xpiINFOMapping firefox@getpocket.com to C:\Program Files\Mozilla Firefox\browser\features\firefox@getpocket.com.xpi
1528297049329addons.xpiINFOMapping followonsearch@mozilla.com to C:\Program Files\Mozilla Firefox\browser\features\followonsearch@mozilla.com.xpi
1528297049329addons.xpiINFOMapping formautofill@mozilla.org to C:\Program Files\Mozilla Firefox\browser\features\formautofill@mozilla.org.xpi
1528297049329addons.xpiINFOMapping onboarding@mozilla.org to C:\Program Files\Mozilla Firefox\browser\features\onboarding@mozilla.org.xpi
1528297049329addons.xpiINFOMapping screenshots@mozilla.org to C:\Program Files\Mozilla Firefox\browser\features\screenshots@mozilla.org.xpi
1528297049329addons.xpiINFOMapping webcompat@mozilla.org to C:\Program Files\Mozilla Firefox\browser\features\webcompat@mozilla.org.xpi
1528297049329addons.xpiDEBUGExisting add-on activity-stream@mozilla.org in app-system-defaults
1528297049329addons.xpiDEBUGExisting add-on aushelper@mozilla.org in app-system-defaults
1528297049330addons.xpiDEBUGExisting add-on firefox@getpocket.com in app-system-defaults
1528297049330addons.xpiDEBUGExisting add-on followonsearch@mozilla.com in app-system-defaults
1528297049331addons.xpiDEBUGExisting add-on formautofill@mozilla.org in app-system-defaults
1528297049331addons.xpiDEBUGExisting add-on onboarding@mozilla.org in app-system-defaults
1528297049331addons.xpiDEBUGExisting add-on screenshots@mozilla.org in app-system-defaults
1528297049331addons.xpiDEBUGExisting add-on webcompat@mozilla.org in app-system-defaults
1528297049332addons.xpiINFOMapping {972ce4c6-7e08-4474-a285-3208198ce6fd} to C:\Program Files\Mozilla Firefox\browser\extensions\{972ce4c6-7e08-4474-a285-3208198ce6fd}.xpi
1528297049332addons.xpiDEBUGExisting add-on {972ce4c6-7e08-4474-a285-3208198ce6fd} in app-global
1528297049333addons.xpiDEBUGExisting add-on FT.FirefoxAgent@microfocus.com in winreg-app-global
1528297049333addons.xpiDEBUGgetInstallState changed: false, state: {}
1528297062156addons.productaddonsINFOsending request to: https://aus5.mozilla.org/update/3/GMP/60.0.1/20180516032328/WINNT_x86_64-msvc-x64/en-US/release/Windows_NT%2010.0.0.0.16299.431%20(x64)/default/default/update.xml
1528297062699addons.productaddonsWARNFailed downloading XML, status: 0, reason: error
1528297062700addons.productaddonsINFOfetching config from: chrome://global/content/gmp-sources/openh264.json
1528297062700addons.productaddonsINFOfetching config from: chrome://global/content/gmp-sources/widevinecdm.json
1528297062701addons.productaddonsINFOfound plugin: gmp-gmpopenh264
1528297062701addons.productaddonsINFOfound plugin: gmp-widevinecdm
1528297062973addons.productaddonsINFOdownloadXHR File download. status=200
1528297062994addons.productaddonsINFODownloaded file will be saved to C:\Users\Priya\AppData\Local\Temp\tmpaddon-84558e
1528297063193addons.productaddonsWARNFailed downloading via XHR, status: 0, reason: error

Build info: version: '2.53.1', revision: 'a36b8b1', time: '2016-06-30 17:32:46'
System info: host: 'DESKTOP-HUM9HJC', ip: '192.168.1.9', os.name: 'Windows 10', os.arch: 'amd64', os.version: '10.0', java.version: '1.8.0_161'
Driver info: driver.version: FirefoxDriver
at org.openqa.selenium.firefox.internal.NewProfileExtensionConnection.start(NewProfileExtensionConnection.java:124)
at org.openqa.selenium.firefox.FirefoxDriver.startClient(FirefoxDriver.java:271)
at org.openqa.selenium.remote.RemoteWebDriver.<init>(RemoteWebDriver.java:119)
at org.openqa.selenium.firefox.FirefoxDriver.<init>(FirefoxDriver.java:218)
at org.openqa.selenium.firefox.FirefoxDriver.<init>(FirefoxDriver.java:211)
at org.openqa.selenium.firefox.FirefoxDriver.<init>(FirefoxDriver.java:207)
at org.openqa.selenium.firefox.FirefoxDriver.<init>(FirefoxDriver.java:120)
at com.actiTIME.genericLib.BaseClass.configBC(BaseClass.java:41)
at sun.reflect.NativeMethodAccessorImpl.invoke0(Native Method)
at sun.reflect.NativeMethodAccessorImpl.invoke(Unknown Source)
at sun.reflect.DelegatingMethodAccessorImpl.invoke(Unknown Source)
at java.lang.reflect.Method.invoke(Unknown Source)
at org.testng.internal.MethodInvocationHelper.invokeMethod(MethodInvocationHelper.java:124)
at org.testng.internal.MethodInvocationHelper.invokeMethodConsideringTimeout(MethodInvocationHelper.java:59)
at org.testng.internal.Invoker.invokeConfigurationMethod(Invoker.java:455)
at org.testng.internal.Invoker.invokeConfigurations(Invoker.java:222)
at org.testng.internal.Invoker.invokeConfigurations(Invoker.java:142)
at org.testng.internal.TestMethodWorker.invokeBeforeClassMethods(TestMethodWorker.java:168)
at org.testng.internal.TestMethodWorker.run(TestMethodWorker.java:105)
at org.testng.TestRunner.privateRun(TestRunner.java:648)
at org.testng.TestRunner.run(TestRunner.java:505)
at org.testng.SuiteRunner.runTest(SuiteRunner.java:455)
at org.testng.SuiteRunner.runSequentially(SuiteRunner.java:450)
at org.testng.SuiteRunner.privateRun(SuiteRunner.java:415)
at org.testng.SuiteRunner.run(SuiteRunner.java:364)
at org.testng.SuiteRunnerWorker.runSuite(SuiteRunnerWorker.java:52)
at org.testng.SuiteRunnerWorker.run(SuiteRunnerWorker.java:84)
at org.testng.TestNG.runSuitesSequentially(TestNG.java:1208)
at org.testng.TestNG.runSuitesLocally(TestNG.java:1137)
at org.testng.TestNG.runSuites(TestNG.java:1049)
at org.testng.TestNG.run(TestNG.java:1017)
at org.testng.remote.AbstractRemoteTestNG.run(AbstractRemoteTestNG.java:114)
at org.testng.remote.RemoteTestNG.initAndRun(RemoteTestNG.java:251)
at org.testng.remote.RemoteTestNG.main(RemoteTestNG.java:77)
Caused by: org.openqa.selenium.firefox.NotConnectedException: Unable to connect to host 127.0.0.1 on port 7055 after 45000 ms. Firefox console output:
ider
1528297046306addons.managerDEBUGProvider finished startup: PreviousExperimentProvider
Unable to read VR Path Registry from C:\Users\Priya\AppData\Local\openvr\openvrpaths.vrpath
Unable to read VR Path Registry from C:\Users\Priya\AppData\Local\openvr\openvrpaths.vrpath
1528297049327addons.xpiINFOMapping fxdriver@googlecode.com to C:\Users\Priya\AppData\Local\Temp\anonymous5154493736627351706webdriver-profile\extensions\fxdriver@googlecode.com
1528297049327addons.xpiDEBUGIgnoring file entry whose name is not a valid add-on ID: C:\Users\Priya\AppData\Local\Temp\anonymous5154493736627351706webdriver-profile\extensions\webdriver-staging
1528297049328addons.xpiDEBUGExisting add-on fxdriver@googlecode.com in app-profile
1528297049328addons.xpiINFOMapping activity-stream@mozilla.org to C:\Program Files\Mozilla Firefox\browser\features\activity-stream@mozilla.org.xpi
1528297049328addons.xpiINFOMapping aushelper@mozilla.org to C:\Program Files\Mozilla Firefox\browser\features\aushelper@mozilla.org.xpi
1528297049328addons.xpiINFOMapping firefox@getpocket.com to C:\Program Files\Mozilla Firefox\browser\features\firefox@getpocket.com.xpi
1528297049329addons.xpiINFOMapping followonsearch@mozilla.com to C:\Program Files\Mozilla Firefox\browser\features\followonsearch@mozilla.com.xpi
1528297049329addons.xpiINFOMapping formautofill@mozilla.org to C:\Program Files\Mozilla Firefox\browser\features\formautofill@mozilla.org.xpi
1528297049329addons.xpiINFOMapping onboarding@mozilla.org to C:\Program Files\Mozilla Firefox\browser\features\onboarding@mozilla.org.xpi
1528297049329addons.xpiINFOMapping screenshots@mozilla.org to C:\Program Files\Mozilla Firefox\browser\features\screenshots@mozilla.org.xpi
1528297049329addons.xpiINFOMapping webcompat@mozilla.org to C:\Program Files\Mozilla Firefox\browser\features\webcompat@mozilla.org.xpi
1528297049329addons.xpiDEBUGExisting add-on activity-stream@mozilla.org in app-system-defaults
1528297049329addons.xpiDEBUGExisting add-on aushelper@mozilla.org in app-system-defaults
1528297049330addons.xpiDEBUGExisting add-on firefox@getpocket.com in app-system-defaults
1528297049330addons.xpiDEBUGExisting add-on followonsearch@mozilla.com in app-system-defaults
1528297049331addons.xpiDEBUGExisting add-on formautofill@mozilla.org in app-system-defaults
1528297049331addons.xpiDEBUGExisting add-on onboarding@mozilla.org in app-system-defaults
1528297049331addons.xpiDEBUGExisting add-on screenshots@mozilla.org in app-system-defaults
1528297049331addons.xpiDEBUGExisting add-on webcompat@mozilla.org in app-system-defaults
1528297049332addons.xpiINFOMapping {972ce4c6-7e08-4474-a285-3208198ce6fd} to C:\Program Files\Mozilla Firefox\browser\extensions\{972ce4c6-7e08-4474-a285-3208198ce6fd}.xpi
1528297049332addons.xpiDEBUGExisting add-on {972ce4c6-7e08-4474-a285-3208198ce6fd} in app-global
1528297049333addons.xpiDEBUGExisting add-on FT.FirefoxAgent@microfocus.com in winreg-app-global
1528297049333addons.xpiDEBUGgetInstallState changed: false, state: {}
1528297062156addons.productaddonsINFOsending request to: https://aus5.mozilla.org/update/3/GMP/60.0.1/20180516032328/WINNT_x86_64-msvc-x64/en-US/release/Windows_NT%2010.0.0.0.16299.431%20(x64)/default/default/update.xml
1528297062699addons.productaddonsWARNFailed downloading XML, status: 0, reason: error
1528297062700addons.productaddonsINFOfetching config from: chrome://global/content/gmp-sources/openh264.json
1528297062700addons.productaddonsINFOfetching config from: chrome://global/content/gmp-sources/widevinecdm.json
1528297062701addons.productaddonsINFOfound plugin: gmp-gmpopenh264
1528297062701addons.productaddonsINFOfound plugin: gmp-widevinecdm
1528297062973addons.productaddonsINFOdownloadXHR File download. status=200
1528297062994addons.productaddonsINFODownloaded file will be saved to C:\Users\Priya\AppData\Local\Temp\tmpaddon-84558e
1528297063193addons.productaddonsWARNFailed downloading via XHR, status: 0, reason: error

at org.openqa.selenium.firefox.internal.NewProfileExtensionConnection.start(NewProfileExtensionConnection.java:112)
... 33 more
]]>
    </failure>
  </testcase> <!-- @BeforeClass configBC -->
  <testcase name="@BeforeMethod configBM" time="0.0" classname="com.actiTIME.genericLib.BaseClass">
    <skipped/>
  </testcase> <!-- @BeforeMethod configBM -->
  <testcase name="@AfterMethod configAM" time="0.0" classname="com.actiTIME.genericLib.BaseClass">
    <skipped/>
  </testcase> <!-- @AfterMethod configAM -->
  <testcase name="@BeforeMethod configBM" time="0.0" classname="com.actiTIME.genericLib.BaseClass">
    <skipped/>
  </testcase> <!-- @BeforeMethod configBM -->
  <testcase name="@AfterMethod configAM" time="0.0" classname="com.actiTIME.genericLib.BaseClass">
    <skipped/>
  </testcase> <!-- @AfterMethod configAM -->
  <testcase name="@BeforeMethod configBM" time="0.0" classname="com.actiTIME.genericLib.BaseClass">
    <skipped/>
  </testcase> <!-- @BeforeMethod configBM -->
  <testcase name="@AfterMethod configAM" time="0.0" classname="com.actiTIME.genericLib.BaseClass">
    <skipped/>
  </testcase> <!-- @AfterMethod configAM -->
  <testcase name="@BeforeMethod configBM" time="0.0" classname="com.actiTIME.genericLib.BaseClass">
    <skipped/>
  </testcase> <!-- @BeforeMethod configBM -->
  <testcase name="@AfterMethod configAM" time="0.0" classname="com.actiTIME.genericLib.BaseClass">
    <skipped/>
  </testcase> <!-- @AfterMethod configAM -->
  <testcase name="@AfterClass configAC" time="0.0" classname="com.actiTIME.genericLib.BaseClass">
    <skipped/>
  </testcase> <!-- @AfterClass configAC -->
  <testcase name="createCustomerTest" time="0.0" classname="com.actiTIME.customertest.CustomerTest">
    <skipped/>
  </testcase> <!-- createCustomerTest -->
  <testcase name="createCustomerWithDescrpTest" time="0.0" classname="com.actiTIME.customertest.CustomerTest">
    <skipped/>
  </testcase> <!-- createCustomerWithDescrpTest -->
  <testcase name="deleteCustomerTest" time="0.0" classname="com.actiTIME.customertest.CustomerTest">
    <skipped/>
  </testcase> <!-- deleteCustomerTest -->
  <testcase name="modifyCustomerTest" time="0.0" classname="com.actiTIME.customertest.CustomerTest">
    <skipped/>
  </testcase> <!-- modifyCustomerTest -->
</testsuite> <!-- Default test -->
